<?xml version="1.0" encoding="UTF-8"?>
<!-- Generated by org.testng.reporters.JUnitReportReporter -->
<testsuite hostname="LAP_S_073" failures="0" tests="1" name="com.TestNGDemo.KeywordDrivenFramework" time="3.845" errors="0" timestamp="2025-07-22T14:11:03 IST" skipped="0">
  <testcase classname="com.TestNGDemo.KeywordDrivenFramework" name="login" time="3.845"/>
</testsuite> <!-- com.TestNGDemo.KeywordDrivenFramework -->
