<?xml version="1.0" encoding="UTF-8"?>
<!-- Generated by org.testng.reporters.JUnitReportReporter -->
<testsuite hostname="LAP_S_073" failures="0" tests="1" name="com.TestNGDemo.SimpleFrameDemo" time="12.927" errors="0" timestamp="2025-08-09T21:35:32 IST" skipped="0">
  <testcase classname="com.TestNGDemo.SimpleFrameDemo" name="testFrame" time="12.927"/>
</testsuite> <!-- com.TestNGDemo.SimpleFrameDemo -->
