<?xml version="1.0" encoding="UTF-8"?>
<!-- Generated by org.testng.reporters.JUnitReportReporter -->
<testsuite hostname="LAP_S_073" failures="0" tests="1" name="com.TestNGDemo.RediffRegistrationClient" time="6.310" errors="0" timestamp="2025-06-15T16:31:13 IST" skipped="0">
  <testcase classname="com.TestNGDemo.RediffRegistrationClient" name="testRegistration" time="6.310"/>
</testsuite> <!-- com.TestNGDemo.RediffRegistrationClient -->
