<?xml version="1.0" encoding="UTF-8"?>
<!-- Generated by org.testng.reporters.JUnitReportReporter -->
<testsuite hostname="LAP_S_073" failures="0" tests="1" name="com.TestNGDemo.BootstrapDropdown_Goibibo" time="17.056" errors="0" timestamp="2025-08-08T21:41:41 IST" skipped="0">
  <testcase classname="com.TestNGDemo.BootstrapDropdown_Goibibo" name="testDropdown" time="17.056"/>
</testsuite> <!-- com.TestNGDemo.BootstrapDropdown_Goibibo -->
