<?xml version="1.0" encoding="UTF-8"?>
<!-- Generated by org.testng.reporters.JUnitReportReporter -->
<testsuite hostname="LAP_S_073" failures="0" tests="4" name="com.TestNGDemo.LoginToOHRM_XLS" time="93.671" errors="0" timestamp="2025-06-18T15:26:23 IST" skipped="0">
  <testcase classname="com.TestNGDemo.LoginToOHRM_XLS" name="loginToOHRM" time="6.805"/>
  <testcase classname="com.TestNGDemo.LoginToOHRM_XLS" name="loginToOHRM" time="21.603"/>
  <testcase classname="com.TestNGDemo.LoginToOHRM_XLS" name="loginToOHRM" time="38.671"/>
  <testcase classname="com.TestNGDemo.LoginToOHRM_XLS" name="loginToOHRM" time="26.592"/>
</testsuite> <!-- com.TestNGDemo.LoginToOHRM_XLS -->
