<?xml version="1.0" encoding="UTF-8"?>
<!-- Generated by org.testng.reporters.JUnitReportReporter -->
<testsuite hostname="LAP_S_073" failures="0" tests="6" name="com.OHRM.testcase.AdminTest" time="9.942" errors="0" timestamp="2025-06-29T21:32:47 IST" skipped="0">
  <testcase classname="com.OHRM.testcase.AdminTest" name="loginTest" time="4.286"/>
  <testcase classname="com.OHRM.testcase.AdminTest" name="verifyMenuCountAndClickAdmin" time="2.087"/>
  <testcase classname="com.OHRM.testcase.AdminTest" name="searchByUserName" time="1.031"/>
  <testcase classname="com.OHRM.testcase.AdminTest" name="searchByUserRole" time="1.085"/>
  <testcase classname="com.OHRM.testcase.AdminTest" name="searchByStatus" time="0.425"/>
  <testcase classname="com.OHRM.testcase.AdminTest" name="logout" time="1.028"/>
</testsuite> <!-- com.OHRM.testcase.AdminTest -->
