<?xml version="1.0" encoding="UTF-8"?>
<!-- Generated by org.testng.reporters.JUnitReportReporter -->
<testsuite hostname="LAP_S_073" failures="0" tests="4" name="com.TestNGDemo.BeforeAndAfterMethod" time="13.933" errors="0" timestamp="2025-07-21T13:56:41 IST" skipped="0">
  <testcase classname="com.TestNGDemo.BeforeAndAfterMethod" name="launchLenskart" time="7.614"/>
  <testcase classname="com.TestNGDemo.BeforeAndAfterMethod" name="launchAmazon" time="1.958"/>
  <testcase classname="com.TestNGDemo.BeforeAndAfterMethod" name="launchMyntra" time="2.033"/>
  <testcase classname="com.TestNGDemo.BeforeAndAfterMethod" name="launchFlipkart" time="2.328"/>
</testsuite> <!-- com.TestNGDemo.BeforeAndAfterMethod -->
