<?xml version="1.0" encoding="UTF-8"?>
<!-- Generated by org.testng.reporters.JUnitReportReporter -->
<testsuite hostname="LAP_S_073" failures="0" tests="1" name="com.orangeHRM.testcases.LoginAndAddEmployee" time="56.172" errors="0" timestamp="2025-06-18T02:43:23 IST" skipped="0">
  <testcase classname="com.orangeHRM.testcases.LoginAndAddEmployee" name="loginAddValidateAndDelete" time="56.172"/>
</testsuite> <!-- com.orangeHRM.testcases.LoginAndAddEmployee -->
