<?xml version="1.0" encoding="UTF-8"?>
<!-- Generated by org.testng.reporters.JUnitReportReporter -->
<testsuite hostname="LAP_S_073" failures="0" tests="6" name="com.OHRM.pages.AdminTest" time="6.764" errors="0" timestamp="2025-07-21T14:22:07 IST" skipped="0">
  <testcase classname="com.OHRM.pages.AdminTest" name="loginTest" time="0.793"/>
  <testcase classname="com.OHRM.pages.AdminTest" name="verifyMenuCountAndClickAdmin" time="3.163"/>
  <testcase classname="com.OHRM.pages.AdminTest" name="searchByUserName" time="0.973"/>
  <testcase classname="com.OHRM.pages.AdminTest" name="searchByUserRole" time="0.475"/>
  <testcase classname="com.OHRM.pages.AdminTest" name="searchByStatus" time="0.414"/>
  <testcase classname="com.OHRM.pages.AdminTest" name="logout" time="0.946"/>
</testsuite> <!-- com.OHRM.pages.AdminTest -->
