<?xml version="1.0" encoding="UTF-8"?>
<!-- Generated by org.testng.reporters.JUnitReportReporter -->
<testsuite hostname="LAP_S_073" failures="0" tests="1" name="com.TestNGDemo.FirstTest" time="11.780" errors="0" timestamp="2025-06-11T12:39:08 IST" skipped="0">
  <testcase classname="com.TestNGDemo.FirstTest" name="RedBus" time="11.780"/>
</testsuite> <!-- com.TestNGDemo.FirstTest -->
