<?xml version="1.0" encoding="UTF-8"?>
<!-- Generated by org.testng.reporters.JUnitReportReporter -->
<testsuite hostname="LAP_S_073" failures="0" tests="5" name="com.TestNGDemo.CreatingXLWithDataProvider" time="0.097" errors="0" timestamp="2025-06-16T14:56:30 IST" skipped="0">
  <testcase classname="com.TestNGDemo.CreatingXLWithDataProvider" name="createLoginFile" time="0.005"/>
  <testcase classname="com.TestNGDemo.CreatingXLWithDataProvider" name="createLoginFile" time="0.008"/>
  <testcase classname="com.TestNGDemo.CreatingXLWithDataProvider" name="createLoginFile" time="0.069"/>
  <testcase classname="com.TestNGDemo.CreatingXLWithDataProvider" name="createLoginFile" time="0.008"/>
  <testcase classname="com.TestNGDemo.CreatingXLWithDataProvider" name="createLoginFile" time="0.007"/>
</testsuite> <!-- com.TestNGDemo.CreatingXLWithDataProvider -->
