<?xml version="1.0" encoding="UTF-8"?>
<!-- Generated by org.testng.reporters.JUnitReportReporter -->
<testsuite hostname="LAP_S_073" failures="0" tests="1" name="com.TestNGDemo.ReadParametersFromXML" time="30.437" errors="0" timestamp="2025-06-13T15:19:44 IST" skipped="0">
  <testcase classname="com.TestNGDemo.ReadParametersFromXML" name="login" time="30.437"/>
</testsuite> <!-- com.TestNGDemo.ReadParametersFromXML -->
