<?xml version="1.0" encoding="UTF-8"?>
<!-- Generated by org.testng.reporters.JUnitReportReporter -->
<testsuite hostname="LAP_S_073" failures="0" tests="2" name="com.TestNGDemo.ReadFromExcel" time="0.029" errors="0" timestamp="2025-06-17T20:34:23 IST" skipped="1">
  <testcase classname="com.TestNGDemo.ReadFromExcel" name="readAllData" time="0.029"/>
  <testcase classname="com.TestNGDemo.ReadFromExcel" name="readFewData">
    <skipped/>
  </testcase> <!-- readFewData -->
</testsuite> <!-- com.TestNGDemo.ReadFromExcel -->
