<?xml version="1.0" encoding="UTF-8"?>
<!-- Generated by org.testng.reporters.JUnitReportReporter -->
<testsuite hostname="LAP_S_073" failures="0" tests="4" name="com.TestNGDemo.D05LenskartTest" time="97.124" errors="0" timestamp="2025-07-22T14:22:15 IST" skipped="0">
  <testcase classname="com.TestNGDemo.D05LenskartTest" name="EYEGLASSES" time="13.796"/>
  <testcase classname="com.TestNGDemo.D05LenskartTest" name="SCREENGLASSES" time="13.172"/>
  <testcase classname="com.TestNGDemo.D05LenskartTest" name="KIDSGLASSES" time="13.789"/>
  <testcase classname="com.TestNGDemo.D05LenskartTest" name="SUNGLASSES" time="56.367"/>
</testsuite> <!-- com.TestNGDemo.D05LenskartTest -->
