<?xml version="1.0" encoding="UTF-8"?>
<!-- Generated by org.testng.reporters.JUnitReportReporter -->
<testsuite hostname="LAP_S_073" failures="0" tests="1" name="com.orangeHRM.pages.LoginAndAddEmployee" time="59.288" errors="0" timestamp="2025-06-18T03:14:21 IST" skipped="0">
  <testcase classname="com.orangeHRM.pages.LoginAndAddEmployee" name="loginAddValidateAndDelete" time="59.288"/>
</testsuite> <!-- com.orangeHRM.pages.LoginAndAddEmployee -->
