<?xml version="1.0" encoding="UTF-8"?>
<!-- Generated by org.testng.reporters.JUnitReportReporter -->
<testsuite hostname="LAP_S_073" failures="0" tests="3" name="com.TestNGDemo.MultipleTest" time="79.568" errors="0" timestamp="2025-06-11T13:12:16 IST" skipped="0">
  <testcase classname="com.TestNGDemo.MultipleTest" name="RedBus" time="11.313"/>
  <testcase classname="com.TestNGDemo.MultipleTest" name="Amazon" time="13.484"/>
  <testcase classname="com.TestNGDemo.MultipleTest" name="Greetings" time="54.771"/>
</testsuite> <!-- com.TestNGDemo.MultipleTest -->
