<?xml version="1.0" encoding="UTF-8"?>
<!-- Generated by org.testng.reporters.JUnitReportReporter -->
<testsuite hostname="LAP_S_073" failures="0" tests="1" name="com.TestNGDemo.TricentisGoldKeyword" time="15.708" errors="0" timestamp="2025-06-14T17:05:25 IST" skipped="0">
  <testcase classname="com.TestNGDemo.TricentisGoldKeyword" name="AutomobileInsurance" time="15.708"/>
</testsuite> <!-- com.TestNGDemo.TricentisGoldKeyword -->
