<?xml version="1.0" encoding="UTF-8"?>
<!-- Generated by org.testng.reporters.JUnitReportReporter -->
<testsuite hostname="LAP_S_073" failures="0" tests="1" name="com.Capstone.OHRM.OrangeHRMTest" time="39.479" errors="0" timestamp="2025-09-04T00:18:30 IST" skipped="0">
  <testcase classname="com.Capstone.OHRM.OrangeHRMTest" name="AllData" time="39.479"/>
</testsuite> <!-- com.Capstone.OHRM.OrangeHRMTest -->
