<?xml version="1.0" encoding="UTF-8"?>
<!-- Generated by org.testng.reporters.JUnitReportReporter -->
<testsuite hostname="LAP_S_073" failures="0" tests="1" name="com.TestNGDemo.CreatingMultiRowsAndCells" time="0.053" errors="0" timestamp="2025-06-15T22:30:08 IST" skipped="0">
  <testcase classname="com.TestNGDemo.CreatingMultiRowsAndCells" name="createFriendsData" time="0.053"/>
</testsuite> <!-- com.TestNGDemo.CreatingMultiRowsAndCells -->
