<?xml version="1.0" encoding="UTF-8"?>
<!-- Generated by org.testng.reporters.JUnitReportReporter -->
<testsuite hostname="LAP_S_073" failures="0" tests="4" name="com.TestNGDemo.BeforeAndAfterTestMethod" time="131.076" errors="0" timestamp="2025-07-22T14:29:24 IST" skipped="0">
  <testcase classname="com.TestNGDemo.BeforeAndAfterTestMethod" name="launchLenskart" time="32.777"/>
  <testcase classname="com.TestNGDemo.BeforeAndAfterTestMethod" name="launchAmazon" time="32.784"/>
  <testcase classname="com.TestNGDemo.BeforeAndAfterTestMethod" name="launchMyntra" time="32.752"/>
  <testcase classname="com.TestNGDemo.BeforeAndAfterTestMethod" name="launchFlipkart" time="32.763"/>
</testsuite> <!-- com.TestNGDemo.BeforeAndAfterTestMethod -->
