<?xml version="1.0" encoding="UTF-8"?>
<!-- Generated by org.testng.reporters.JUnitReportReporter -->
<testsuite hostname="LAP_S_073" failures="0" tests="4" name="com.TestNGDemo.DataProvider_OHRM" time="11.453" errors="0" timestamp="2025-07-22T14:22:15 IST" skipped="0">
  <testcase classname="com.TestNGDemo.DataProvider_OHRM" name="loginToOHRM" time="1.344"/>
  <testcase classname="com.TestNGDemo.DataProvider_OHRM" name="loginToOHRM" time="3.345"/>
  <testcase classname="com.TestNGDemo.DataProvider_OHRM" name="loginToOHRM" time="3.670"/>
  <testcase classname="com.TestNGDemo.DataProvider_OHRM" name="loginToOHRM" time="3.094"/>
</testsuite> <!-- com.TestNGDemo.DataProvider_OHRM -->
