<?xml version="1.0" encoding="UTF-8"?>
<!-- Generated by org.testng.reporters.JUnitReportReporter -->
<testsuite hostname="LAP_S_073" failures="0" tests="1" name="com.TestNGDemo.ShadowDomAutomation" time="17.414" errors="0" timestamp="2025-08-09T21:39:02 IST" skipped="0">
  <testcase classname="com.TestNGDemo.ShadowDomAutomation" name="testShadowDoM" time="17.414"/>
</testsuite> <!-- com.TestNGDemo.ShadowDomAutomation -->
