<?xml version="1.0" encoding="UTF-8"?>
<!-- Generated by org.testng.reporters.JUnitReportReporter -->
<testsuite hostname="LAP_S_073" failures="0" tests="1" name="com.assignment.Add_NewPet" time="4.474" errors="0" timestamp="2025-07-29T12:01:32 IST" skipped="0">
  <testcase classname="com.assignment.Add_NewPet" name="addNewPetToStore" time="4.474"/>
  <system-out/>
</testsuite> <!-- com.assignment.Add_NewPet -->
