<?xml version="1.0" encoding="UTF-8"?>
<!-- Generated by org.testng.reporters.JUnitReportReporter -->
<testsuite hostname="LAP_S_073" failures="0" tests="1" name="com.RestAPIBDD.AuthenticationTypes" time="6.262" errors="0" timestamp="2025-08-02T22:03:22 IST" skipped="0">
  <testcase classname="com.RestAPIBDD.AuthenticationTypes" name="testOauth2" time="6.262"/>
  <system-out/>
</testsuite> <!-- com.RestAPIBDD.AuthenticationTypes -->
