<?xml version="1.0" encoding="UTF-8"?>
<!-- Generated by org.testng.reporters.JUnitReportReporter -->
<testsuite hostname="LAP_S_073" failures="0" tests="6" name="com.RestAPIBDD.APIChaingingHotelAPI" time="11.691" errors="0" timestamp="2025-07-10T18:53:02 IST" skipped="0">
  <testcase classname="com.RestAPIBDD.APIChaingingHotelAPI" name="CreateBooking" time="4.543"/>
  <system-out/>
  <testcase classname="com.RestAPIBDD.APIChaingingHotelAPI" name="GetSameBookingDetails" time="1.414"/>
  <system-out/>
  <testcase classname="com.RestAPIBDD.APIChaingingHotelAPI" name="CreateToken" time="1.421"/>
  <system-out/>
  <testcase classname="com.RestAPIBDD.APIChaingingHotelAPI" name="FullUpdate" time="1.718"/>
  <system-out/>
  <testcase classname="com.RestAPIBDD.APIChaingingHotelAPI" name="PartialUpdate" time="1.323"/>
  <system-out/>
  <testcase classname="com.RestAPIBDD.APIChaingingHotelAPI" name="DeleteRequest" time="1.272"/>
  <system-out/>
</testsuite> <!-- com.RestAPIBDD.APIChaingingHotelAPI -->
