<?xml version="1.0" encoding="UTF-8"?>
<!-- Generated by org.testng.reporters.JUnitReportReporter -->
<testsuite hostname="LAP_S_073" failures="0" tests="1" name="com.assignment.CreatePostRequest" time="3.548" errors="0" timestamp="2025-08-02T22:01:19 IST" skipped="0">
  <testcase classname="com.assignment.CreatePostRequest" name="createObjectWithHashMapAndPojo" time="3.548"/>
  <system-out/>
</testsuite> <!-- com.assignment.CreatePostRequest -->
