<?xml version="1.0" encoding="UTF-8"?>
<!-- Generated by org.testng.reporters.JUnitReportReporter -->
<testsuite hostname="LAP_S_073" failures="0" tests="2" name="com.RestAPIBDD.JsonValidationTest" time="4.000" errors="0" timestamp="2025-07-10T12:13:05 IST" skipped="0">
  <testcase classname="com.RestAPIBDD.JsonValidationTest" name="testJsonBody" time="3.562"/>
  <system-out/>
  <testcase classname="com.RestAPIBDD.JsonValidationTest" name="testListOfUsers" time="0.438"/>
  <system-out/>
</testsuite> <!-- com.RestAPIBDD.JsonValidationTest -->
