<?xml version="1.0" encoding="UTF-8"?>
<!-- Generated by org.testng.reporters.JUnitReportReporter -->
<testsuite hostname="LAP_S_073" failures="0" tests="1" name="com.RestAPINonBDD.FirstAPITest" time="3.166" errors="0" timestamp="2025-08-18T12:31:58 IST" skipped="0">
  <testcase classname="com.RestAPINonBDD.FirstAPITest" name="testGETSingleUser" time="3.166"/>
  <system-out/>
</testsuite> <!-- com.RestAPINonBDD.FirstAPITest -->
