<?xml version="1.0" encoding="UTF-8"?>
<!-- Generated by org.testng.reporters.JUnitReportReporter -->
<testsuite hostname="LAP_S_073" failures="0" tests="4" name="com.assignment.PostPet" time="11.393" errors="0" timestamp="2025-07-29T16:44:45 IST" skipped="0">
  <testcase classname="com.assignment.PostPet" name="AddNewPet" time="5.454"/>
  <system-out/>
  <testcase classname="com.assignment.PostPet" name="GetPetID" time="2.116"/>
  <system-out/>
  <testcase classname="com.assignment.PostPet" name="updateExistingPet" time="1.944"/>
  <system-out/>
  <testcase classname="com.assignment.PostPet" name="deletePetById" time="1.879"/>
  <system-out/>
</testsuite> <!-- com.assignment.PostPet -->
