<?xml version="1.0" encoding="UTF-8"?>
<!-- Generated by org.testng.reporters.JUnitReportReporter -->
<testsuite hostname="LAP_S_073" failures="0" tests="1" name="com.assignment.Pets_ByStatus" time="3.916" errors="0" timestamp="2025-08-02T21:36:27 IST" skipped="0">
  <testcase classname="com.assignment.Pets_ByStatus" name="Status" time="3.916"/>
  <system-out/>
</testsuite> <!-- com.assignment.Pets_ByStatus -->
