<?xml version="1.0" encoding="UTF-8"?>
<!-- Generated by org.testng.reporters.JUnitReportReporter -->
<testsuite hostname="LAP_S_073" failures="0" tests="2" name="com.RestAPIBDD.TestCookies_Header" time="3.928" errors="0" timestamp="2025-07-11T16:48:40 IST" skipped="0">
  <testcase classname="com.RestAPIBDD.TestCookies_Header" name="testHeader" time="0.627"/>
  <system-out/>
  <testcase classname="com.RestAPIBDD.TestCookies_Header" name="testCookies" time="3.301"/>
  <system-out/>
</testsuite> <!-- com.RestAPIBDD.TestCookies_Header -->
