<?xml version="1.0" encoding="UTF-8"?>
<!-- Generated by org.testng.reporters.JUnitReportReporter -->
<testsuite hostname="LAP_S_073" failures="0" tests="1" name="com.RestAPIBDD.FirstAPITest" time="2.549" errors="0" timestamp="2025-07-09T12:04:55 IST" skipped="0">
  <testcase classname="com.RestAPIBDD.FirstAPITest" name="testGETSingleUser" time="2.549"/>
  <system-out/>
</testsuite> <!-- com.RestAPIBDD.FirstAPITest -->
