<?xml version="1.0" encoding="UTF-8"?>
<!-- Generated by org.testng.reporters.JUnitReportReporter -->
<testsuite hostname="LAP_S_073" failures="0" tests="10" name="com.TelecomProject.UserApiTest" time="15.324" errors="0" timestamp="2025-09-05T14:49:28 IST" skipped="0">
  <testcase classname="com.TelecomProject.UserApiTest" name="AddNewUser" time="3.418"/>
  <system-out/>
  <testcase classname="com.TelecomProject.UserApiTest" name="GetUserProfile" time="1.328"/>
  <system-out/>
  <testcase classname="com.TelecomProject.UserApiTest" name="UpdateUser" time="1.353"/>
  <system-out/>
  <testcase classname="com.TelecomProject.UserApiTest" name="LoginUser" time="1.377"/>
  <system-out/>
  <testcase classname="com.TelecomProject.UserApiTest" name="AddContact" time="1.385"/>
  <system-out/>
  <testcase classname="com.TelecomProject.UserApiTest" name="GetContactList" time="1.299"/>
  <system-out/>
  <testcase classname="com.TelecomProject.UserApiTest" name="testGetContact" time="1.298"/>
  <system-out/>
  <testcase classname="com.TelecomProject.UserApiTest" name="UpdateContact" time="1.279"/>
  <system-out/>
  <testcase classname="com.TelecomProject.UserApiTest" name="PatchContact" time="1.304"/>
  <system-out/>
  <testcase classname="com.TelecomProject.UserApiTest" name="LogoutUser" time="1.283"/>
  <system-out/>
</testsuite> <!-- com.TelecomProject.UserApiTest -->
