<?xml version="1.0" encoding="UTF-8"?>
<!-- Generated by org.testng.reporters.JUnitReportReporter -->
<testsuite hostname="LAP_S_073" failures="0" tests="1" name="com.RestAPIBDD.ReadingJsonPayLoad" time="4.208" errors="0" timestamp="2025-07-10T18:22:37 IST" skipped="0">
  <testcase classname="com.RestAPIBDD.ReadingJsonPayLoad" name="postCallUsingJSONFile" time="4.208"/>
  <system-out/>
</testsuite> <!-- com.RestAPIBDD.ReadingJsonPayLoad -->
