<?xml version="1.0" encoding="UTF-8"?>
<!-- Generated by org.testng.reporters.JUnitReportReporter -->
<testsuite hostname="LAP_S_073" failures="0" tests="1" name="com.MobileTest.AppiumDesiredCapabilities" time="53.036" errors="0" timestamp="2025-07-16T12:15:42 IST" skipped="0">
  <testcase classname="com.MobileTest.AppiumDesiredCapabilities" name="CreateDriverSession" time="53.036"/>
</testsuite> <!-- com.MobileTest.AppiumDesiredCapabilities -->
