<?xml version="1.0" encoding="UTF-8"?>
<!-- Generated by org.testng.reporters.JUnitReportReporter -->
<testsuite hostname="LAP_S_073" failures="0" tests="1" name="com.MobileTest.Capabilities.MobileScenarios.HandlingAlert" time="26.003" errors="0" timestamp="2025-07-17T20:14:17 IST" skipped="0">
  <testcase classname="com.MobileTest.Capabilities.MobileScenarios.HandlingAlert" name="testAlert" time="26.003"/>
</testsuite> <!-- com.MobileTest.Capabilities.MobileScenarios.HandlingAlert -->
