<?xml version="1.0" encoding="UTF-8"?>
<!-- Generated by org.testng.reporters.JUnitReportReporter -->
<testsuite hostname="LAP_S_073" failures="0" tests="1" name="com.MobileTest.Capabilities.AppiumUIAutomator2OptionsClass" time="17.395" errors="0" timestamp="2025-08-02T22:45:45 IST" skipped="0">
  <testcase classname="com.MobileTest.Capabilities.AppiumUIAutomator2OptionsClass" name="createDriverSession" time="17.395"/>
</testsuite> <!-- com.MobileTest.Capabilities.AppiumUIAutomator2OptionsClass -->
