<?xml version="1.0" encoding="UTF-8"?>
<!-- Generated by org.testng.reporters.JUnitReportReporter -->
<testsuite hostname="LAP_S_073" failures="0" tests="1" name="com.MobileTest.Capabilities.MobileScenarios.GetPerformanceParameters" time="14.192" errors="0" timestamp="2025-07-20T12:22:38 IST" skipped="0">
  <testcase classname="com.MobileTest.Capabilities.MobileScenarios.GetPerformanceParameters" name="testPerformanceAnalysis" time="14.192"/>
</testsuite> <!-- com.MobileTest.Capabilities.MobileScenarios.GetPerformanceParameters -->
