<?xml version="1.0" encoding="UTF-8"?>
<!-- Generated by org.testng.reporters.JUnitReportReporter -->
<testsuite hostname="LAP_S_073" failures="0" tests="1" name="com.MobileTest.AppiumUIAutomator2OptionsClass" time="16.057" errors="0" timestamp="2025-07-16T12:41:04 IST" skipped="0">
  <testcase classname="com.MobileTest.AppiumUIAutomator2OptionsClass" name="createDriverSession" time="16.057"/>
</testsuite> <!-- com.MobileTest.AppiumUIAutomator2OptionsClass -->
