<?xml version="1.0" encoding="UTF-8"?>
<!-- Generated by org.testng.reporters.JUnitReportReporter -->
<testsuite hostname="LAP_S_073" failures="0" tests="1" name="com.MobileTest.Capabilities.MobileScenarios.SwipeGesture" time="19.336" errors="0" timestamp="2025-07-17T12:31:24 IST" skipped="0">
  <testcase classname="com.MobileTest.Capabilities.MobileScenarios.SwipeGesture" name="testSwipe" time="19.336"/>
</testsuite> <!-- com.MobileTest.Capabilities.MobileScenarios.SwipeGesture -->
