<?xml version="1.0" encoding="UTF-8"?>
<!-- Generated by org.testng.reporters.JUnitReportReporter -->
<testsuite hostname="LAP_S_073" failures="0" tests="1" name="com.MobileTest.Capabilities.MobileScenarios.AppiumGestures" time="17.250" errors="0" timestamp="2025-07-17T12:01:41 IST" skipped="0">
  <testcase classname="com.MobileTest.Capabilities.MobileScenarios.AppiumGestures" name="DragGesture" time="17.250"/>
</testsuite> <!-- com.MobileTest.Capabilities.MobileScenarios.AppiumGestures -->
