<?xml version="1.0" encoding="UTF-8"?>
<!-- Generated by org.testng.reporters.JUnitReportReporter -->
<testsuite hostname="LAP_S_073" failures="0" tests="1" name="com.MobileTest.Capabilities.MobileScenarios.LocatorsForAndorid" time="42.327" errors="0" timestamp="2025-07-16T15:11:04 IST" skipped="0">
  <testcase classname="com.MobileTest.Capabilities.MobileScenarios.LocatorsForAndorid" name="testMobileElements" time="42.327"/>
</testsuite> <!-- com.MobileTest.Capabilities.MobileScenarios.LocatorsForAndorid -->
