<?xml version="1.0" encoding="UTF-8"?>
<!-- Generated by org.testng.reporters.JUnitReportReporter -->
<testsuite hostname="LAP_S_073" failures="0" tests="1" name="com.MobileTest.MobileScenarios.LocatorsForAndorid" time="36.850" errors="0" timestamp="2025-07-16T12:44:40 IST" skipped="0">
  <testcase classname="com.MobileTest.MobileScenarios.LocatorsForAndorid" name="testMobileElements" time="36.850"/>
</testsuite> <!-- com.MobileTest.MobileScenarios.LocatorsForAndorid -->
