<?xml version="1.0" encoding="UTF-8"?>
<!-- Generated by org.testng.reporters.JUnitReportReporter -->
<testsuite hostname="LAP_S_073" failures="0" tests="1" name="com.MobileTest.Capabilities.MobileScenarios.ScrollGesture" time="27.157" errors="0" timestamp="2025-07-17T13:02:05 IST" skipped="0">
  <testcase classname="com.MobileTest.Capabilities.MobileScenarios.ScrollGesture" name="testScroll" time="27.157"/>
</testsuite> <!-- com.MobileTest.Capabilities.MobileScenarios.ScrollGesture -->
