<?xml version="1.0" encoding="UTF-8"?>
<!-- Generated by org.testng.reporters.JUnitReportReporter -->
<testsuite hostname="LAP_S_073" failures="0" tests="1" name="com.MobileTest.Capabilities.MobileScenarios.NewTest" time="31.858" errors="0" timestamp="2025-08-02T23:03:54 IST" skipped="0">
  <testcase classname="com.MobileTest.Capabilities.MobileScenarios.NewTest" name="testAppManagement" time="31.858"/>
</testsuite> <!-- com.MobileTest.Capabilities.MobileScenarios.NewTest -->
