<?xml version="1.0" encoding="UTF-8"?>
<!-- Generated by org.testng.reporters.JUnitReportReporter -->
<testsuite hostname="LAP_S_073" failures="0" tests="1" name="com.MobileTest.Capabilities.AppiumDesiredCapabilities" time="54.411" errors="0" timestamp="2025-08-02T22:44:31 IST" skipped="0">
  <testcase classname="com.MobileTest.Capabilities.AppiumDesiredCapabilities" name="CreateDriverSession" time="54.411"/>
</testsuite> <!-- com.MobileTest.Capabilities.AppiumDesiredCapabilities -->
