<?xml version="1.0" encoding="UTF-8"?>
<!-- Generated by org.testng.reporters.JUnitReportReporter -->
<testsuite hostname="LAP_S_073" failures="0" tests="1" name="com.webtesting.CRMTest" time="17.424" errors="0" timestamp="2025-08-30T14:43:39 IST" skipped="0">
  <testcase classname="com.webtesting.CRMTest" name="LoginFunction" time="17.424"/>
</testsuite> <!-- com.webtesting.CRMTest -->
